2023-04-03 14:13:10,832 [INFO] Activator:176 - 


2023-04-03 14:13:10,840 [INFO] Activator:177 - !SESSION log4j initialized
2023-04-03 14:13:20,717 [INFO] LogOutputStream:77 - [STDOUT_REDIRECT] 
2023-04-03 14:13:43,694 [ERROR] LogOutputStream:75 - [STDERR_REDIRECT] SLF4J: Failed to load class "org.slf4j.impl.StaticLoggerBinder".
2023-04-03 14:13:43,695 [ERROR] LogOutputStream:75 - [STDERR_REDIRECT] SLF4J: Defaulting to no-operation (NOP) logger implementation
2023-04-03 14:13:43,698 [ERROR] LogOutputStream:75 - [STDERR_REDIRECT] SLF4J: See http://www.slf4j.org/codes.html#StaticLoggerBinder for further details.
2023-04-03 14:19:25,357 [INFO] ApplicationProperties:184 - Using Application install path: C:\ST\STM32CubeIDE_1.12.0\STM32CubeIDE\plugins\com.st.stm32cube.common.mx_6.8.0.202302231600
2023-04-03 14:19:25,390 [INFO] DbMcusXml:78 - Set database path to: C:\ST\STM32CubeIDE_1.12.0\STM32CubeIDE\plugins\com.st.stm32cube.common.mx_6.8.0.202302231600\\db\/mcu/
2023-04-03 14:19:25,391 [INFO] ApiDb:274 - Set plugin database path to: C:\ST\STM32CubeIDE_1.12.0\STM32CubeIDE\plugins\com.st.stm32cube.common.mx_6.8.0.202302231600\\db\/plugins/boardmanager/
2023-04-03 14:19:25,393 [WARN] ApiDb:259 - Overriding images path with different value:  => C:\ST\STM32CubeIDE_1.12.0\STM32CubeIDE\plugins\com.st.stm32cube.common.mx_6.8.0.202302231600\\db\/plugins/mcufinder/images/
2023-04-03 14:19:25,414 [INFO] ApiDb:250 - Set database path to: C:\Users\ASUS\.stmcufinder\plugins\mcufinder//mcu/
2023-04-03 14:19:25,418 [INFO] DbMcusAds:125 - Set database path to: C:\Users\ASUS\.stmcufinder\plugins\mcufinder//mcu/
2023-04-03 14:19:25,534 [INFO] CrossReferenceDbSqlite:203 - Set database path to: C:\Users\ASUS\.stmcufinder\plugins\mcufinder//mcu/cs/
2023-04-03 14:19:25,704 [INFO] RulesReader:64 - Compatibility file has been processed (293 Rules)
2023-04-03 14:19:25,830 [INFO] DbMcusXml:78 - Set database path to: C:\ST\STM32CubeIDE_1.12.0\STM32CubeIDE\plugins\com.st.stm32cube.common.mx_6.8.0.202302231600\\db\/mcu/
2023-04-03 14:19:25,830 [INFO] ApiDb:274 - Set plugin database path to: C:\ST\STM32CubeIDE_1.12.0\STM32CubeIDE\plugins\com.st.stm32cube.common.mx_6.8.0.202302231600\\db\/plugins/boardmanager/
2023-04-03 14:19:25,830 [INFO] ApiDb:261 - Set plugin images path to: C:\ST\STM32CubeIDE_1.12.0\STM32CubeIDE\plugins\com.st.stm32cube.common.mx_6.8.0.202302231600\\db\/plugins/mcufinder/images/
2023-04-03 14:19:25,831 [WARN] DbFile:41 - Overriding database path with different value: C:\Users\ASUS\.stmcufinder\plugins\mcufinder/ => C:\Users\ASUS\.stmcufinder\plugins\mcufinder
2023-04-03 14:19:25,831 [INFO] ApiDb:250 - Set database path to: C:\Users\ASUS\.stmcufinder\plugins\mcufinder//mcu/
2023-04-03 14:19:25,831 [WARN] DbFile:41 - Overriding database path with different value: C:\Users\ASUS\.stmcufinder\plugins\mcufinder/ => C:\Users\ASUS\.stmcufinder\plugins\mcufinder
2023-04-03 14:19:25,831 [INFO] DbMcusAds:125 - Set database path to: C:\Users\ASUS\.stmcufinder\plugins\mcufinder//mcu/
2023-04-03 14:19:25,831 [WARN] DbFile:41 - Overriding database path with different value: C:\Users\ASUS\.stmcufinder\plugins\mcufinder/ => C:\Users\ASUS\.stmcufinder\plugins\mcufinder
2023-04-03 14:19:25,831 [WARN] DbFile:41 - Overriding database path with different value: C:\Users\ASUS\.stmcufinder\plugins\mcufinder/ => C:\Users\ASUS\.stmcufinder\plugins\mcufinder
2023-04-03 14:19:25,832 [INFO] CrossReferenceDbSqlite:203 - Set database path to: C:\Users\ASUS\.stmcufinder\plugins\mcufinder//mcu/cs/
2023-04-03 14:19:25,947 [INFO] MainPanel:253 - HeapMemory: 443547648
2023-04-03 14:19:26,079 [INFO] DbMcusXml:78 - Set database path to: C:\ST\STM32CubeIDE_1.12.0\STM32CubeIDE\plugins\com.st.stm32cube.common.mx_6.8.0.202302231600\\db\/mcu/
2023-04-03 14:19:26,080 [INFO] ApiDb:274 - Set plugin database path to: C:\ST\STM32CubeIDE_1.12.0\STM32CubeIDE\plugins\com.st.stm32cube.common.mx_6.8.0.202302231600\\db\/plugins/boardmanager/
2023-04-03 14:19:26,080 [INFO] ApiDb:261 - Set plugin images path to: C:\ST\STM32CubeIDE_1.12.0\STM32CubeIDE\plugins\com.st.stm32cube.common.mx_6.8.0.202302231600\\db\/plugins/mcufinder/images/
2023-04-03 14:19:26,080 [WARN] DbFile:41 - Overriding database path with different value: C:\Users\ASUS\.stmcufinder\plugins\mcufinder/ => C:\Users\ASUS\.stmcufinder\plugins\mcufinder
2023-04-03 14:19:26,080 [INFO] ApiDb:250 - Set database path to: C:\Users\ASUS\.stmcufinder\plugins\mcufinder//mcu/
2023-04-03 14:19:26,081 [WARN] DbFile:41 - Overriding database path with different value: C:\Users\ASUS\.stmcufinder\plugins\mcufinder/ => C:\Users\ASUS\.stmcufinder\plugins\mcufinder
2023-04-03 14:19:26,081 [INFO] DbMcusAds:125 - Set database path to: C:\Users\ASUS\.stmcufinder\plugins\mcufinder//mcu/
2023-04-03 14:19:26,081 [WARN] DbFile:41 - Overriding database path with different value: C:\Users\ASUS\.stmcufinder\plugins\mcufinder/ => C:\Users\ASUS\.stmcufinder\plugins\mcufinder
2023-04-03 14:19:26,081 [WARN] DbFile:41 - Overriding database path with different value: C:\Users\ASUS\.stmcufinder\plugins\mcufinder/ => C:\Users\ASUS\.stmcufinder\plugins\mcufinder
2023-04-03 14:19:26,081 [INFO] CrossReferenceDbSqlite:203 - Set database path to: C:\Users\ASUS\.stmcufinder\plugins\mcufinder//mcu/cs/
2023-04-03 14:19:26,112 [INFO] ApplicationProperties:184 - Using Application install path: C:\ST\STM32CubeIDE_1.12.0\STM32CubeIDE\plugins\com.st.stm32cube.common.mx_6.8.0.202302231600
2023-04-03 14:19:26,114 [INFO] PluginManage:196 - Search for loadable plugins [exclusion list=, ]
2023-04-03 14:19:26,116 [INFO] PluginManage:310 - Check plugin analytics
2023-04-03 14:19:26,367 [INFO] AnalyticsPlugin:253 - Accepted Software Licenses: 
2023-04-03 14:19:26,368 [INFO] AnalyticsPlugin:255 - Accepted CMSIS Pack Licenses: 
2023-04-03 14:19:26,369 [INFO] AnalyticsPlugin:257 - Accepted Firmware Licenses: 
2023-04-03 14:19:26,386 [INFO] PluginManage:359 - Loaded plugin analytics (category:tool,tabindex:-1)
2023-04-03 14:19:26,386 [INFO] PluginManage:310 - Check plugin cadmodel
2023-04-03 14:19:26,406 [INFO] CADModel:105 - Init CAD model plugin
2023-04-03 14:19:26,406 [INFO] PluginManage:359 - Loaded plugin cadmodel (category:power,tabindex:5)
2023-04-03 14:19:26,407 [INFO] PluginManage:310 - Check plugin clock
2023-04-03 14:19:26,436 [INFO] PluginManage:359 - Loaded plugin clock (category:base,tabindex:2)
2023-04-03 14:19:26,436 [INFO] PluginManage:310 - Check plugin ddr
2023-04-03 14:19:26,440 [INFO] PluginManage:359 - Loaded plugin ddr (category:tool,tabindex:6)
2023-04-03 14:19:26,440 [INFO] PluginManage:310 - Check plugin filemanager
2023-04-03 14:19:26,647 [INFO] PluginManage:359 - Loaded plugin filemanager (category:base,tabindex:10)
2023-04-03 14:19:26,647 [INFO] PluginManage:310 - Check plugin ipmanager
2023-04-03 14:19:26,660 [INFO] PluginManage:359 - Loaded plugin ipmanager (category:base,tabindex:5)
2023-04-03 14:19:26,660 [INFO] PluginManage:310 - Check plugin lpbam
2023-04-03 14:19:26,688 [INFO] PluginManage:359 - Loaded plugin lpbam (category:base,tabindex:0)
2023-04-03 14:19:26,688 [INFO] PluginManage:310 - Check plugin pinoutandconfiguration
2023-04-03 14:19:26,713 [INFO] PluginManage:359 - Loaded plugin pinoutandconfiguration (category:base,tabindex:1)
2023-04-03 14:19:26,713 [INFO] PluginManage:310 - Check plugin pinoutconfig
2023-04-03 14:19:26,860 [WARN] SupportedApi:132 - Cannot load RTOS API schema: s4s-elt-must-match.1: The content of 'definitions' must match (annotation?, (simpleType | complexType)?, (unique | key | keyref)*)). A problem was found starting at: attribute.
2023-04-03 14:19:27,097 [INFO] PluginManage:359 - Loaded plugin pinoutconfig (category:base,tabindex:0)
2023-04-03 14:19:27,098 [INFO] PluginManage:310 - Check plugin power
2023-04-03 14:19:27,125 [INFO] PluginManage:359 - Loaded plugin power (category:power,tabindex:4)
2023-04-03 14:19:27,126 [INFO] PluginManage:310 - Check plugin projectmanager
2023-04-03 14:19:27,152 [INFO] PluginManage:359 - Loaded plugin projectmanager (category:projectmanager,tabindex:3)
2023-04-03 14:19:27,153 [INFO] PluginManage:310 - Check plugin thirdparty
2023-04-03 14:19:27,474 [INFO] PluginManage:359 - Loaded plugin thirdparty (category:base,tabindex:-1)
2023-04-03 14:19:27,473 [WARN] IntegrityCheckThread:84 - waiting for thirdparty lock release [integrity check]
2023-04-03 14:19:27,474 [INFO] PluginManage:310 - Check plugin tools
2023-04-03 14:19:27,475 [INFO] IntegrityCheckThread:86 - entering critical section [integrity check]
2023-04-03 14:19:27,477 [INFO] ThirdPartyUpdaterWithRetryManager:70 - Updater plugin not ready yet. [1/15]
2023-04-03 14:19:27,511 [INFO] PluginManage:359 - Loaded plugin tools (category:base,tabindex:7)
2023-04-03 14:19:27,511 [INFO] PluginManage:310 - Check plugin tutovideos
2023-04-03 14:19:27,876 [INFO] PluginManage:359 - Loaded plugin tutovideos (category:base,tabindex:-1)
2023-04-03 14:19:27,876 [INFO] PluginManage:310 - Check plugin updater
2023-04-03 14:19:27,913 [INFO] PluginManage:359 - Loaded plugin updater (category:base,tabindex:12)
2023-04-03 14:19:27,914 [INFO] PluginManage:283 - PluginManage : Loaded plugins [15]
2023-04-03 14:19:28,465 [INFO] PinOutPanel:1499 - setPackage(No Configuration,No Configuration)
2023-04-03 14:19:28,563 [INFO] CADModel:165 - CPN selected for project level
2023-04-03 14:19:28,563 [INFO] CADModel:114 - Register for checkConnection events
2023-04-03 14:19:28,616 [INFO] IPUIPlugin:80 - create IPUIPlugin
2023-04-03 14:19:28,616 [INFO] PluginManager:220 - loadIPPluginJar : add adc
2023-04-03 14:19:28,659 [INFO] IPUIPlugin:80 - create IPUIPlugin
2023-04-03 14:19:28,659 [INFO] PluginManager:220 - loadIPPluginJar : add aes
2023-04-03 14:19:28,710 [INFO] IPUIPlugin:80 - create IPUIPlugin
2023-04-03 14:19:28,710 [INFO] PluginManager:220 - loadIPPluginJar : add can
2023-04-03 14:19:28,737 [INFO] IPUIPlugin:80 - create IPUIPlugin
2023-04-03 14:19:28,737 [INFO] PluginManager:220 - loadIPPluginJar : add comp
2023-04-03 14:19:28,777 [INFO] IPUIPlugin:80 - create IPUIPlugin
2023-04-03 14:19:28,777 [INFO] PluginManager:220 - loadIPPluginJar : add cryp
2023-04-03 14:19:28,814 [INFO] IPUIPlugin:80 - create IPUIPlugin
2023-04-03 14:19:28,814 [INFO] PluginManager:220 - loadIPPluginJar : add dfsdm
2023-04-03 14:19:28,834 [INFO] IPUIPlugin:80 - create IPUIPlugin
2023-04-03 14:19:28,836 [INFO] PluginManager:220 - loadIPPluginJar : add dma
2023-04-03 14:19:28,886 [INFO] IPUIPlugin:80 - create IPUIPlugin
2023-04-03 14:19:28,887 [INFO] PluginManager:220 - loadIPPluginJar : add dma3
2023-04-03 14:19:28,911 [INFO] IPUIPlugin:80 - create IPUIPlugin
2023-04-03 14:19:28,911 [INFO] PluginManager:220 - loadIPPluginJar : add fatfs
2023-04-03 14:19:28,969 [INFO] IPUIPlugin:80 - create IPUIPlugin
2023-04-03 14:19:28,969 [INFO] PluginManager:220 - loadIPPluginJar : add fmc
2023-04-03 14:19:28,990 [INFO] IPUIPlugin:80 - create IPUIPlugin
2023-04-03 14:19:28,991 [INFO] PluginManager:220 - loadIPPluginJar : add freertos
2023-04-03 14:19:29,015 [INFO] IPUIPlugin:80 - create IPUIPlugin
2023-04-03 14:19:29,016 [INFO] PluginManager:220 - loadIPPluginJar : add genericplugin
2023-04-03 14:19:29,123 [INFO] IPUIPlugin:80 - create IPUIPlugin
2023-04-03 14:19:29,123 [INFO] PluginManager:220 - loadIPPluginJar : add gfxmmu
2023-04-03 14:19:29,282 [INFO] IPUIPlugin:80 - create IPUIPlugin
2023-04-03 14:19:29,282 [INFO] PluginManager:220 - loadIPPluginJar : add gic
2023-04-03 14:19:29,300 [INFO] IPUIPlugin:80 - create IPUIPlugin
2023-04-03 14:19:29,300 [INFO] PluginManager:220 - loadIPPluginJar : add gpio
2023-04-03 14:19:29,413 [INFO] IPUIPlugin:80 - create IPUIPlugin
2023-04-03 14:19:29,413 [INFO] PluginManager:220 - loadIPPluginJar : add gtzc
2023-04-03 14:19:29,452 [INFO] IPUIPlugin:80 - create IPUIPlugin
2023-04-03 14:19:29,453 [INFO] PluginManager:220 - loadIPPluginJar : add hash
2023-04-03 14:19:29,514 [INFO] IPUIPlugin:80 - create IPUIPlugin
2023-04-03 14:19:29,514 [INFO] PluginManager:220 - loadIPPluginJar : add i2c
2023-04-03 14:19:29,562 [INFO] IPUIPlugin:80 - create IPUIPlugin
2023-04-03 14:19:29,562 [INFO] PluginManager:220 - loadIPPluginJar : add i2s
2023-04-03 14:19:29,612 [INFO] IPUIPlugin:80 - create IPUIPlugin
2023-04-03 14:19:29,612 [INFO] PluginManager:220 - loadIPPluginJar : add i3c
2023-04-03 14:19:29,748 [INFO] IPUIPlugin:80 - create IPUIPlugin
2023-04-03 14:19:29,748 [INFO] PluginManager:220 - loadIPPluginJar : add ipddr
2023-04-03 14:19:29,858 [INFO] IPUIPlugin:80 - create IPUIPlugin
2023-04-03 14:19:29,858 [INFO] PluginManager:220 - loadIPPluginJar : add linkedlist
2023-04-03 14:19:29,902 [INFO] IPUIPlugin:80 - create IPUIPlugin
2023-04-03 14:19:29,902 [INFO] PluginManager:220 - loadIPPluginJar : add lorawan
2023-04-03 14:19:29,946 [INFO] IPUIPlugin:80 - create IPUIPlugin
2023-04-03 14:19:29,946 [INFO] PluginManager:220 - loadIPPluginJar : add ltdc
2023-04-03 14:19:29,966 [INFO] IPUIPlugin:80 - create IPUIPlugin
2023-04-03 14:19:29,966 [INFO] PluginManager:220 - loadIPPluginJar : add mdma
2023-04-03 14:19:29,983 [INFO] IPUIPlugin:80 - create IPUIPlugin
2023-04-03 14:19:29,983 [INFO] PluginManager:220 - loadIPPluginJar : add nvic
2023-04-03 14:19:30,027 [INFO] IPUIPlugin:80 - create IPUIPlugin
2023-04-03 14:19:30,027 [INFO] PluginManager:220 - loadIPPluginJar : add opamp
2023-04-03 14:19:30,098 [INFO] IPUIPlugin:80 - create IPUIPlugin
2023-04-03 14:19:30,099 [INFO] PluginManager:220 - loadIPPluginJar : add openamp
2023-04-03 14:19:30,149 [INFO] IPUIPlugin:80 - create IPUIPlugin
2023-04-03 14:19:30,149 [INFO] PluginManager:220 - loadIPPluginJar : add pdm2pcm
2023-04-03 14:19:30,169 [INFO] IPUIPlugin:80 - create IPUIPlugin
2023-04-03 14:19:30,173 [INFO] PluginManager:220 - loadIPPluginJar : add plateformsettings
2023-04-03 14:19:30,199 [INFO] IPUIPlugin:80 - create IPUIPlugin
2023-04-03 14:19:30,199 [INFO] PluginManager:220 - loadIPPluginJar : add quadspi
2023-04-03 14:19:30,215 [INFO] IPUIPlugin:80 - create IPUIPlugin
2023-04-03 14:19:30,215 [INFO] PluginManager:220 - loadIPPluginJar : add resmgrutility
2023-04-03 14:19:30,278 [INFO] IPUIPlugin:80 - create IPUIPlugin
2023-04-03 14:19:30,278 [INFO] PluginManager:220 - loadIPPluginJar : add sai
2023-04-03 14:19:30,322 [INFO] IPUIPlugin:80 - create IPUIPlugin
2023-04-03 14:19:30,322 [INFO] PluginManager:220 - loadIPPluginJar : add spi
2023-04-03 14:19:30,394 [INFO] IPUIPlugin:80 - create IPUIPlugin
2023-04-03 14:19:30,395 [INFO] PluginManager:220 - loadIPPluginJar : add stm32_wpan
2023-04-03 14:19:30,423 [INFO] IPUIPlugin:80 - create IPUIPlugin
2023-04-03 14:19:30,423 [INFO] PluginManager:220 - loadIPPluginJar : add tim
2023-04-03 14:19:30,487 [INFO] ThirdPartyUpdaterWithRetryManager:70 - Updater plugin not ready yet. [2/15]
2023-04-03 14:19:30,490 [INFO] IPUIPlugin:80 - create IPUIPlugin
2023-04-03 14:19:30,490 [INFO] PluginManager:220 - loadIPPluginJar : add touchsensing
2023-04-03 14:19:30,517 [INFO] IPUIPlugin:80 - create IPUIPlugin
2023-04-03 14:19:30,517 [INFO] PluginManager:220 - loadIPPluginJar : add tracer_emb
2023-04-03 14:19:30,545 [INFO] IPUIPlugin:80 - create IPUIPlugin
2023-04-03 14:19:30,545 [INFO] PluginManager:220 - loadIPPluginJar : add ts
2023-04-03 14:19:30,571 [INFO] IPUIPlugin:80 - create IPUIPlugin
2023-04-03 14:19:30,571 [INFO] PluginManager:220 - loadIPPluginJar : add tsc
2023-04-03 14:19:30,597 [INFO] IPUIPlugin:80 - create IPUIPlugin
2023-04-03 14:19:30,597 [INFO] PluginManager:220 - loadIPPluginJar : add ucpd
2023-04-03 14:19:30,650 [INFO] IPUIPlugin:80 - create IPUIPlugin
2023-04-03 14:19:30,650 [INFO] PluginManager:220 - loadIPPluginJar : add usart
2023-04-03 14:19:30,703 [INFO] IPUIPlugin:80 - create IPUIPlugin
2023-04-03 14:19:30,704 [INFO] PluginManager:220 - loadIPPluginJar : add usbx
2023-04-03 14:19:30,882 [INFO] CADModel:165 - CPN selected for project level
2023-04-03 14:19:30,882 [INFO] CADModel:114 - Register for checkConnection events
2023-04-03 14:19:30,882 [FATAL] Updater:308 - Updater called before beeing initialized
2023-04-03 14:19:30,883 [ERROR] CADModel:125 - Updater not yet initialized, retry later 
2023-04-03 14:19:31,136 [INFO] CADModel:165 - CPN selected for project level
2023-04-03 14:19:31,136 [INFO] CADModel:114 - Register for checkConnection events
2023-04-03 14:19:31,136 [FATAL] Updater:308 - Updater called before beeing initialized
2023-04-03 14:19:31,136 [ERROR] CADModel:125 - Updater not yet initialized, retry later 
2023-04-03 14:19:31,141 [FATAL] Updater:308 - Updater called before beeing initialized
2023-04-03 14:19:31,387 [FATAL] Updater:308 - Updater called before beeing initialized
2023-04-03 14:19:31,403 [INFO] DbMcusAds:53 - JSON generation date=Thu Sep 30 13:55:09 ICT 2021 (1632984909247)
2023-04-03 14:19:31,404 [FATAL] Updater:308 - Updater called before beeing initialized
2023-04-03 14:19:31,506 [WARN] DetailPanel:346 - Failed to get advertising image, set to default
2023-04-03 14:19:31,682 [FATAL] Updater:308 - Updater called before beeing initialized
2023-04-03 14:19:31,685 [FATAL] Updater:308 - Updater called before beeing initialized
2023-04-03 14:19:31,686 [FATAL] Updater:308 - Updater called before beeing initialized
2023-04-03 14:19:31,686 [WARN] DetailPanel:346 - Failed to get advertising image, set to default
2023-04-03 14:19:31,688 [FATAL] Updater:308 - Updater called before beeing initialized
2023-04-03 14:19:31,874 [ERROR] Updater:1120 - MainUpdater not yet initialized. External WinMGr cannot be set.
2023-04-03 14:19:31,888 [INFO] Updater:1056 - Updater Version found : 6.8.0
2023-04-03 14:19:31,917 [INFO] ApplicationProperties:184 - Using Application install path: C:\ST\STM32CubeIDE_1.12.0\STM32CubeIDE\plugins\com.st.stm32cube.common.mx_6.8.0.202302231600
2023-04-03 14:19:32,105 [INFO] MainUpdater:2854 - connection check result : 10
2023-04-03 14:19:32,106 [INFO] MainUpdater:3548 - Updater definition file requires update
2023-04-03 14:19:32,107 [INFO] MainUpdater:283 - Updater Check For Update Now.
2023-04-03 14:19:32,107 [INFO] MicroXplorer:498 - Change Database Version : DB.6.0.80
2023-04-03 14:19:32,133 [INFO] ServerAccessManage:473 - Download File updaters.zip
2023-04-03 14:19:32,303 [INFO] FileExtend:240 - Unzip File : updaters.zip
2023-04-03 14:19:32,303 [INFO] FileExtend:255 - Standard Zip Deflate
2023-04-03 14:19:33,502 [WARN] MainUpdater:1187 - Updater busy. Cannot search thirdparties
2023-04-03 14:19:33,502 [INFO] ThirdPartyUpdaterWithRetryManager:96 - Updater plugin is busy. [1/15]
2023-04-03 14:19:33,738 [INFO] ServerAccessManage:473 - Download File PacksControlFlags.xml
2023-04-03 14:19:34,605 [INFO] ServerAccessManage:473 - Download File cubemx.pidx
2023-04-03 14:19:34,735 [INFO] LoadServerUpdatesThread:373 - End of LoadServerUpdate Thread
2023-04-03 14:19:34,922 [INFO] CheckServerUpdateThread:120 - End of CheckServer Thread
2023-04-03 14:19:35,015 [INFO] MainUpdater:2854 - connection check result : 10
2023-04-03 14:19:35,025 [INFO] MainUpdater:2854 - connection check result : 10
2023-04-03 14:19:35,245 [INFO] MicroXplorer:468 - Change Database Path : 
2023-04-03 14:19:35,246 [INFO] MicroXplorer:498 - Change Database Version : DB.6.0.80
2023-04-03 14:19:35,246 [WARN] ThirdParty:871 - waiting for thirdparty lock release [close project]
2023-04-03 14:19:36,730 [WARN] PackLoader:240 - Cannot read IP mode file for STMicroelectronics.X-CUBE-GNSS1.6.0.0
2023-04-03 14:19:36,793 [WARN] PackLoader:240 - Cannot read IP mode file for STMicroelectronics.X-CUBE-AZRTOS-F4.1.1.0
2023-04-03 14:19:36,838 [WARN] PackLoader:240 - Cannot read IP mode file for STMicroelectronics.X-CUBE-AZRTOS-F7.1.1.0
2023-04-03 14:19:36,859 [WARN] PackLoader:240 - Cannot read IP mode file for STMicroelectronics.X-CUBE-BLE1.6.2.4
2023-04-03 14:19:36,885 [WARN] PackLoader:240 - Cannot read IP mode file for emotas.I-CUBE-CANOPEN.1.1.3
2023-04-03 14:19:36,904 [WARN] PackLoader:240 - Cannot read IP mode file for STMicroelectronics.X-CUBE-BLEMGR.2.0.0
2023-04-03 14:19:36,925 [WARN] PackLoader:240 - Cannot read IP mode file for STMicroelectronics.X-CUBE-DISPLAY.3.0.0
2023-04-03 14:19:36,945 [WARN] PackLoader:240 - Cannot read IP mode file for wolfSSL.I-CUBE-wolfSSL.5.5.4
2023-04-03 14:19:36,960 [WARN] PackLoader:240 - Cannot read IP mode file for STMicroelectronics.X-CUBE-NFC7.1.0.0
2023-04-03 14:19:36,976 [WARN] PackLoader:240 - Cannot read IP mode file for STMicroelectronics.X-CUBE-EEPRMA1.4.1.0
2023-04-03 14:19:36,997 [WARN] PackLoader:240 - Cannot read IP mode file for WES.I-CUBE-Cesium.1.3.0
2023-04-03 14:19:37,016 [WARN] PackLoader:240 - Cannot read IP mode file for STMicroelectronics.X-CUBE-SFXS2LP1.4.0.0
2023-04-03 14:19:37,031 [WARN] PackLoader:240 - Cannot read IP mode file for STMicroelectronics.X-CUBE-BLE2.3.3.0
2023-04-03 14:19:37,054 [WARN] PackLoader:240 - Cannot read IP mode file for STMicroelectronics.X-CUBE-TOF1.3.2.0
2023-04-03 14:19:37,106 [WARN] PackLoader:240 - Cannot read IP mode file for STMicroelectronics.X-CUBE-AZRTOS-H7.3.0.0
2023-04-03 14:19:37,125 [WARN] PackLoader:240 - Cannot read IP mode file for STMicroelectronics.X-CUBE-ISPU.1.1.0
2023-04-03 14:19:37,145 [WARN] PackLoader:240 - Cannot read IP mode file for RoweBots.I-CUBE-UNISONRTOS.5.5.0-4
2023-04-03 14:19:37,160 [WARN] PackLoader:240 - Cannot read IP mode file for STMicroelectronics.X-CUBE-AI.8.0.0
2023-04-03 14:19:37,175 [WARN] PackLoader:240 - Cannot read IP mode file for STMicroelectronics.X-CUBE-FREERTOS.1.0.0
2023-04-03 14:19:37,191 [WARN] PackLoader:240 - Cannot read IP mode file for STMicroelectronics.X-CUBE-TOUCHGFX.4.21.1
2023-04-03 14:19:37,203 [WARN] PackLoader:240 - Cannot read IP mode file for STMicroelectronics.X-CUBE-TOUCHGFX.4.21.3
2023-04-03 14:19:37,219 [WARN] PackLoader:240 - Cannot read IP mode file for STMicroelectronics.X-CUBE-ALGOBUILD.1.3.0
2023-04-03 14:19:37,258 [WARN] PackLoader:240 - Cannot read IP mode file for STMicroelectronics.X-CUBE-AZRTOS-L5.1.1.0
2023-04-03 14:19:37,299 [WARN] PackLoader:240 - Cannot read IP mode file for STMicroelectronics.X-CUBE-AZRTOS-G0.1.1.0
2023-04-03 14:19:37,326 [WARN] PackLoader:240 - Cannot read IP mode file for STMicroelectronics.X-CUBE-SUBG2.5.0.0
2023-04-03 14:19:37,352 [WARN] PackLoader:240 - Cannot read IP mode file for STMicroelectronics.X-CUBE-NFC4.3.0.0
2023-04-03 14:19:37,380 [WARN] PackLoader:240 - Cannot read IP mode file for STMicroelectronics.X-CUBE-TOF1.3.3.0
2023-04-03 14:19:37,414 [WARN] PackLoader:240 - Cannot read IP mode file for STMicroelectronics.FP-ATR-ASTRA1.1.1.1
2023-04-03 14:19:37,447 [WARN] PackLoader:240 - Cannot read IP mode file for STMicroelectronics.X-CUBE-AZRTOS-G4.1.0.0
2023-04-03 14:19:37,463 [WARN] PackLoader:240 - Cannot read IP mode file for STMicroelectronics.FP-ATR-SIGFOX1.3.2.0
2023-04-03 14:19:37,503 [WARN] PackLoader:240 - Cannot read IP mode file for STMicroelectronics.X-CUBE-AZRTOS-L4.1.0.0
2023-04-03 14:19:37,536 [WARN] PackLoader:240 - Cannot read IP mode file for STMicroelectronics.X-CUBE-AZRTOS-WL.1.0.0
2023-04-03 14:19:37,554 [WARN] PackLoader:240 - Cannot read IP mode file for portGmbH.I-Cube-SoM-uGOAL.1.1.0
2023-04-03 14:19:37,569 [WARN] PackLoader:240 - Cannot read IP mode file for STMicroelectronics.X-CUBE-ALS.1.0.1
2023-04-03 14:19:37,646 [WARN] PackLoader:240 - Cannot read IP mode file for STMicroelectronics.X-CUBE-MEMS1.9.5.0
2023-04-03 14:19:37,844 [WARN] PackLoader:240 - Cannot read IP mode file for STMicroelectronics.X-CUBE-AZRTOS-WB.1.1.0
2023-04-03 14:19:37,902 [WARN] PackLoader:240 - Cannot read IP mode file for SEGGER.I-CUBE-embOS.1.3.1
2023-04-03 14:19:37,946 [INFO] ThirdParty:978 - Integrity check success = true
2023-04-03 14:19:37,946 [INFO] IntegrityCheckThread:100 - exiting critical section [integrity check]
2023-04-03 14:19:37,947 [INFO] IntegrityCheckThread:103 - End integrity checks thread
2023-04-03 14:19:37,947 [INFO] ThirdParty:873 - entering critical section [close project]
2023-04-03 14:19:37,949 [INFO] ThirdParty:883 - exiting critical section [close project]
2023-04-03 14:19:37,954 [INFO] PinOutPanel:1499 - setPackage(No Configuration,No Configuration)
2023-04-03 14:19:37,962 [INFO] UtilMem:75 - Begin LoadConfig() Used Memory: 514321280 Bytes (800063488)
2023-04-03 14:19:37,964 [INFO] MicroXplorer:468 - Change Database Path : 
2023-04-03 14:19:37,964 [INFO] MicroXplorer:498 - Change Database Version : DB.6.0.80
2023-04-03 14:19:37,964 [INFO] OpenFileManager:308 - Change cursor
2023-04-03 14:19:38,026 [INFO] Mcu:1937 - Initializing MCU STM32F103R(8-B)Tx STM32F103RBTx STM32F103RBT6
2023-04-03 14:19:39,611 [INFO] Context:659 - Trying to add GPIOservice into a context  which must be forbidden
2023-04-03 14:19:40,125 [INFO] RtosManager:555 - Registered RTOS mode: class=CMSIS, group=RTOS, mode=CMSIS_V1, owner=FREERTOS
2023-04-03 14:19:40,125 [INFO] RtosManager:555 - Registered RTOS mode: class=CMSIS, group=RTOS2, mode=CMSIS_V2, owner=FREERTOS
2023-04-03 14:19:40,126 [INFO] RtosManager:555 - Registered RTOS mode: class=RTOS, group=Core, mode=CMSIS_V1, owner=FREERTOS
2023-04-03 14:19:40,126 [INFO] RtosManager:555 - Registered RTOS mode: class=RTOS, group=Core, mode=CMSIS_V2, owner=FREERTOS
2023-04-03 14:19:40,126 [WARN] ModelIntegratedComponent:184 - Missing modes for component STMicroelectronics:FreeRTOS:0.0.1:STMicroelectronics:RTOS:FreeRTOS:Core:::10.2.0:
2023-04-03 14:19:40,159 [WARN] ModelIntegratedComponent:63 - No mode defined for component null
2023-04-03 14:19:40,160 [WARN] ModelIntegratedComponent:63 - No mode defined for component null
2023-04-03 14:19:40,160 [WARN] ModelIntegratedComponent:63 - No mode defined for component null
2023-04-03 14:19:40,161 [WARN] ModelIntegratedComponent:63 - No mode defined for component null
2023-04-03 14:19:40,161 [WARN] ModelIntegratedComponent:63 - No mode defined for component null
2023-04-03 14:19:40,161 [WARN] ModelIntegratedComponent:63 - No mode defined for component null
2023-04-03 14:19:40,162 [WARN] ModelIntegratedComponent:63 - No mode defined for component null
2023-04-03 14:19:40,162 [WARN] ModelIntegratedComponent:63 - No mode defined for component null
2023-04-03 14:19:40,162 [WARN] ModelIntegratedComponent:63 - No mode defined for component null
2023-04-03 14:19:40,162 [WARN] ModelIntegratedComponent:63 - No mode defined for component null
2023-04-03 14:19:40,162 [WARN] ModelIntegratedComponent:63 - No mode defined for component null
2023-04-03 14:19:40,163 [WARN] ModelIntegratedComponent:63 - No mode defined for component null
2023-04-03 14:19:40,163 [WARN] ModelIntegratedComponent:63 - No mode defined for component null
2023-04-03 14:19:40,163 [WARN] ModelIntegratedComponent:63 - No mode defined for component null
2023-04-03 14:19:40,163 [WARN] ModelIntegratedComponent:63 - No mode defined for component null
2023-04-03 14:19:40,164 [WARN] ModelIntegratedComponent:63 - No mode defined for component null
2023-04-03 14:19:40,164 [WARN] ModelIntegratedComponent:63 - No mode defined for component null
2023-04-03 14:19:40,164 [WARN] ModelIntegratedComponent:63 - No mode defined for component null
2023-04-03 14:19:40,164 [WARN] ModelIntegratedComponent:63 - No mode defined for component null
2023-04-03 14:19:40,165 [WARN] ModelIntegratedComponent:63 - No mode defined for component null
2023-04-03 14:19:40,165 [WARN] ModelIntegratedComponent:63 - No mode defined for component null
2023-04-03 14:19:40,165 [WARN] ModelIntegratedComponent:63 - No mode defined for component null
2023-04-03 14:19:40,165 [WARN] ModelIntegratedComponent:63 - No mode defined for component null
2023-04-03 14:19:40,166 [WARN] ModelIntegratedComponent:63 - No mode defined for component null
2023-04-03 14:19:40,166 [WARN] ModelIntegratedComponent:63 - No mode defined for component null
2023-04-03 14:19:40,166 [WARN] ModelIntegratedComponent:63 - No mode defined for component null
2023-04-03 14:19:40,166 [WARN] ModelIntegratedComponent:63 - No mode defined for component null
2023-04-03 14:19:40,167 [WARN] ModelIntegratedComponent:63 - No mode defined for component null
2023-04-03 14:19:40,167 [WARN] ModelIntegratedComponent:63 - No mode defined for component null
2023-04-03 14:19:40,167 [WARN] ModelIntegratedComponent:63 - No mode defined for component null
2023-04-03 14:19:40,167 [WARN] ModelIntegratedComponent:63 - No mode defined for component null
2023-04-03 14:19:40,167 [WARN] ModelIntegratedComponent:63 - No mode defined for component null
2023-04-03 14:19:40,168 [WARN] ModelIntegratedComponent:63 - No mode defined for component null
2023-04-03 14:19:40,406 [INFO] ThirdPartyModel:298 - Start build external matchings
2023-04-03 14:19:40,736 [INFO] ThirdPartyModel:316 - End build external matchings
2023-04-03 14:19:40,771 [INFO] ImportTextPane:194 - (OptionalMessage_ERROR) IP (DMA) : Parameter (Instance) has Id (USART1_RX) currently not set
2023-04-03 14:19:40,772 [INFO] ImportTextPane:194 - (OptionalMessage_ERROR) IP (DMA) : Parameter (Direction) has Id (USART1_RX) currently not set
2023-04-03 14:19:40,773 [INFO] ImportTextPane:194 - (OptionalMessage_ERROR) IP (DMA) : Parameter (PeriphInc) has Id (USART1_RX) currently not set
2023-04-03 14:19:40,773 [INFO] ImportTextPane:194 - (OptionalMessage_ERROR) IP (DMA) : Parameter (MemInc) has Id (USART1_RX) currently not set
2023-04-03 14:19:40,774 [INFO] ImportTextPane:194 - (OptionalMessage_ERROR) IP (DMA) : Parameter (PeriphDataAlignment) has Id (USART1_RX) currently not set
2023-04-03 14:19:40,774 [INFO] ImportTextPane:194 - (OptionalMessage_ERROR) IP (DMA) : Parameter (MemDataAlignment) has Id (USART1_RX) currently not set
2023-04-03 14:19:40,774 [INFO] ImportTextPane:194 - (OptionalMessage_ERROR) IP (DMA) : Parameter (Mode) has Id (USART1_RX) currently not set
2023-04-03 14:19:40,775 [INFO] ImportTextPane:194 - (OptionalMessage_ERROR) IP (DMA) : Parameter (Priority) has Id (USART1_RX) currently not set
2023-04-03 14:19:40,775 [INFO] ImportTextPane:194 - (OptionalMessage_ERROR) IP (DMA) : Parameter (Instance) has Id (USART1_TX) currently not set
2023-04-03 14:19:40,775 [INFO] ImportTextPane:194 - (OptionalMessage_ERROR) IP (DMA) : Parameter (Direction) has Id (USART1_TX) currently not set
2023-04-03 14:19:40,776 [INFO] ImportTextPane:194 - (OptionalMessage_ERROR) IP (DMA) : Parameter (PeriphInc) has Id (USART1_TX) currently not set
2023-04-03 14:19:40,776 [INFO] ImportTextPane:194 - (OptionalMessage_ERROR) IP (DMA) : Parameter (MemInc) has Id (USART1_TX) currently not set
2023-04-03 14:19:40,776 [INFO] ImportTextPane:194 - (OptionalMessage_ERROR) IP (DMA) : Parameter (PeriphDataAlignment) has Id (USART1_TX) currently not set
2023-04-03 14:19:40,776 [INFO] ImportTextPane:194 - (OptionalMessage_ERROR) IP (DMA) : Parameter (MemDataAlignment) has Id (USART1_TX) currently not set
2023-04-03 14:19:40,777 [INFO] ImportTextPane:194 - (OptionalMessage_ERROR) IP (DMA) : Parameter (Mode) has Id (USART1_TX) currently not set
2023-04-03 14:19:40,777 [INFO] ImportTextPane:194 - (OptionalMessage_ERROR) IP (DMA) : Parameter (Priority) has Id (USART1_TX) currently not set
2023-04-03 14:19:41,146 [INFO] UtilMem:75 - End LoadConfig() Used Memory: 607884656 Bytes (800063488)
2023-04-03 14:19:41,431 [INFO] ApiDb:581 - Connected to CubeFinder SQLite database (C:\Users\ASUS\.stmcufinder\plugins\mcufinder\mcu\cube-finder-db.db)
2023-04-03 14:19:41,599 [INFO] ApiDb:668 - CubeFinder database Data Model version=2.1
2023-04-03 14:19:41,600 [INFO] ApiDb:669 - CubeFinder database Configuration version=3.0.35
2023-04-03 14:19:41,600 [INFO] ApiDb:670 - CubeFinder database generation date=2023-02-21 (1676964986)
2023-04-03 14:19:41,600 [INFO] ApiDb:671 - CubeFinder database FW Pack versions=[FP-ATR-ASTRA1_V1.1.1, STM32Cube_FW_C0_V1.0.1, STM32Cube_FW_F0_V1.11.4, STM32Cube_FW_F3_V1.11.4, STM32Cube_FW_F4_V1.27.1, STM32Cube_FW_F7_V1.17.0, STM32Cube_FW_G0_V1.6.1, STM32Cube_FW_G4_V1.5.1, STM32Cube_FW_H5_V0.5.1, STM32Cube_FW_H5_V1.0.0, STM32Cube_FW_H7_V1.11.0, STM32Cube_FW_L0_V1.12.2, STM32Cube_FW_L5_V1.5.0, STM32Cube_FW_U5_V1.2.0, STM32Cube_FW_WBA_V1.0.0, STM32Cube_FW_WBA_V1.0.0RC1, STM32Cube_FW_WBA_V1.0.0RC3, STM32Cube_FW_WB_V1.15.0RC1, STM32Cube_FW_WB_V1.16.0, STM32Cube_FW_WB_V1.16.0RC2, STM32Cube_FW_WL_V1.3.0, X-CUBE-ALGOBUILD_V1.3.0, X-CUBE-ALS_V1.0.1, X-CUBE-AZRTOS-F4_V1.1.0, X-CUBE-AZRTOS-F7_V1.1.0, X-CUBE-AZRTOS-G0_V1.1.0, X-CUBE-AZRTOS-G4_V1.0.0, X-CUBE-AZRTOS-H7_V3.0.0, X-CUBE-AZRTOS-L4_V1.0.0, X-CUBE-AZRTOS-L5_V1.1.0, X-CUBE-AZRTOS-WB_V1.1.0, X-CUBE-AZRTOS-WL_V1.0.0, X-CUBE-BLE1_V6.2.4, X-CUBE-BLE2_V3.3.0, X-CUBE-BLEMGR_V1.3.0, X-CUBE-EEPRMA1_V4.1.0, X-CUBE-GNSS1_V6.0.0, X-CUBE-MEMS1_V9.1.0, X-CUBE-MEMS1_V9.4.0, X-CUBE-MEMS1_V9.5.0, X-CUBE-NFC4_V3.0.0, X-CUBE-NFC7_V1.0.0, X-CUBE-SFXS2LP1_V4.0.0, X-CUBE-SUBG2_V5.0.0]
2023-04-03 14:19:45,813 [INFO] ApiDb:240 - Found 297 in-development CPN: [B-G473E-ZEST1S, B-WB1M-WPAN1, B-WL5M-SUBG1, NUCLEO-C031C6, NUCLEO-H503RB, NUCLEO-H563ZI, NUCLEO-U545RE-Q, NUCLEO-U5A5ZJ-Q, NUCLEO-WBA52CG, STEVAL-PROTEUS1, STEVAL-STWINBX1, STM320518-EVAL, STM32C0116-DK, STM32C011D6Y3TR, STM32C011D6Y6TR, STM32C011F4P3, STM32C011F4P6, STM32C011F4U3, STM32C011F4U6TR, STM32C011F6P3, STM32C011F6P6, STM32C011F6U3, STM32C011F6U6TR, STM32C011J4M3, STM32C011J4M6, STM32C011J6M3, STM32C011J6M6, STM32C0316-DK, STM32C031C4T3, STM32C031C4T6, STM32C031C4U3, STM32C031C4U6, STM32C031C6T3, STM32C031C6T6, STM32C031C6U3, STM32C031C6U6, STM32C031F4P3, STM32C031F4P6, STM32C031F6P3, STM32C031F6P6, STM32C031G4U3, STM32C031G4U6, STM32C031G6U3, STM32C031G6U6, STM32C031K4T3, STM32C031K4T6, STM32C031K4U3, STM32C031K4U6, STM32C031K6T3, STM32C031K6T6, STM32C031K6U3, STM32C031K6U6, STM32G071K8TXN, STM32G071K8UXN, STM32G081GBU6N, STM32G081KBT6N, STM32G081KBUXN, STM32G0B1CCT6N, STM32G0B1KCT6, STM32G0B1NEY6TR, STM32G0B1RCT6N, STM32G0C1CCT6, STM32G0C1CCT6N, STM32G0C1CCU6N, STM32G0C1CET6N, STM32G0C1CEU6N, STM32G0C1KCT6, STM32G0C1NEY6TR, STM32G0C1RCI6N, STM32G0C1RCT6N, STM32G0C1REI6N, STM32G0C1RET6N, STM32G0C1VCI6, STM32G0C1VEI6, STM32G471CCT6, STM32G471CCU6, STM32G471CET3, STM32G471CET6, STM32G471CEU3, STM32G471CEU6, STM32G471MCT6, STM32G471MET3, STM32G471MET6, STM32G471MEY6TR, STM32G471QCT6, STM32G471QET3, STM32G471RCT6, STM32G471RET3, STM32G471RET6, STM32G471VCH6, STM32G471VCI6, STM32G471VCT6, STM32G471VEH3, STM32G471VEH6, STM32G471VEI3, STM32G471VEI6, STM32G471VET3, STM32G471VET6, STM32G474CCT6, STM32H503CBT6, STM32H503CBU6, STM32H503EBY6TR, STM32H503KBU6, STM32H503RBT6, STM32H562AGI6, STM32H562AII6, STM32H562IGK6, STM32H562IGT6, STM32H562IIK6, STM32H562IIT6, STM32H562RGT6, STM32H562RGV6, STM32H562RIT6, STM32H562RIV6, STM32H562VGT6, STM32H562VIT6, STM32H562ZGT6, STM32H562ZIT6, STM32H563AGI6, STM32H563AII3Q, STM32H563AII6, STM32H563IGK6, STM32H563IGT6, STM32H563IIK3Q, STM32H563IIK6, STM32H563IIT3Q, STM32H563IIT6, STM32H563MIY3QTR, STM32H563RGT6, STM32H563RGV6, STM32H563RIT6, STM32H563RIV6, STM32H563VGT6, STM32H563VIT3Q, STM32H563VIT6, STM32H563ZGT6, STM32H563ZIT3Q, STM32H563ZIT6, STM32H573AII3Q, STM32H573AII6, STM32H573I-DK, STM32H573IIK3Q, STM32H573IIK6, STM32H573IIT3Q, STM32H573IIT6, STM32H573MIY3QTR, STM32H573RIT6, STM32H573RIV6, STM32H573VIT3Q, STM32H573VIT6, STM32H573ZIT3Q, STM32H573ZIT6, STM32L4R5QGI6STR, STM32MP131AAE3, STM32MP131AAF3, STM32MP131AAG3, STM32MP131CAE3, STM32MP131CAF3, STM32MP131CAG3, STM32MP131DAE7, STM32MP131DAF7, STM32MP131DAG7, STM32MP131FAE7, STM32MP131FAF7, STM32MP131FAG7, STM32MP133AAE3, STM32MP133AAF3, STM32MP133AAG3, STM32MP133CAE3, STM32MP133CAF3, STM32MP133CAG3, STM32MP133DAE7, STM32MP133DAF7, STM32MP133DAG7, STM32MP133FAE7, STM32MP133FAF7, STM32MP133FAG7, STM32MP135AAE3, STM32MP135AAF3, STM32MP135AAG3, STM32MP135CAE3, STM32MP135CAF3, STM32MP135CAG3, STM32MP135DAE7, STM32MP135DAF7, STM32MP135DAG7, STM32MP135F-DK, STM32MP135FAE7, STM32MP135FAF7, STM32MP135FAF7T, STM32MP135FAF7U, STM32MP135FAG7, STM32U535CBT6, STM32U535CBT6Q, STM32U535CBU6, STM32U535CBU6Q, STM32U535CCT6, STM32U535CCT6Q, STM32U535CCU6, STM32U535CCU6Q, STM32U535CET6, STM32U535CET6Q, STM32U535CEU6, STM32U535CEU6Q, STM32U535JEY6QTR, STM32U535NCY6QTR, STM32U535NEY6QTR, STM32U535RBI6, STM32U535RBI6Q, STM32U535RBT6, STM32U535RBT6Q, STM32U535RCI6, STM32U535RCI6Q, STM32U535RCT6, STM32U535RCT6Q, STM32U535REI6, STM32U535REI6Q, STM32U535RET6, STM32U535RET6Q, STM32U535VCI6, STM32U535VCI6Q, STM32U535VCT6, STM32U535VCT6Q, STM32U535VEI6, STM32U535VEI6Q, STM32U535VET6, STM32U535VET6Q, STM32U545CET6, STM32U545CET6Q, STM32U545CEU6, STM32U545CEU6Q, STM32U545JEY6QTR, STM32U545NEY6QTR, STM32U545REI6, STM32U545REI6Q, STM32U545RET6, STM32U545RET6Q, STM32U545VEI6, STM32U545VEI6Q, STM32U545VET6, STM32U545VET6Q, STM32U595AIH6, STM32U595AIH6Q, STM32U595AJH6, STM32U595AJH6Q, STM32U595QII6, STM32U595QII6Q, STM32U595QJI6, STM32U595QJI6Q, STM32U595RIT6, STM32U595RIT6Q, STM32U595RJT6, STM32U595RJT6Q, STM32U595VIT6, STM32U595VIT6Q, STM32U595VJT6, STM32U595VJT6Q, STM32U595ZIT6, STM32U595ZIT6Q, STM32U595ZIY6QTR, STM32U595ZJT6, STM32U595ZJT6Q, STM32U595ZJY6QTR, STM32U599BJY6QTR, STM32U599NIH6Q, STM32U599NJH6Q, STM32U599VIT6Q, STM32U599VJT6, STM32U599VJT6Q, STM32U599ZIT6Q, STM32U599ZIY6QTR, STM32U599ZJT6Q, STM32U599ZJY6QTR, STM32U5A5AJH6, STM32U5A5AJH6Q, STM32U5A5QJI6, STM32U5A5QJI6Q, STM32U5A5RJT6, STM32U5A5RJT6Q, STM32U5A5VJT6, STM32U5A5VJT6Q, STM32U5A5ZJT6, STM32U5A5ZJT6Q, STM32U5A5ZJY6QTR, STM32U5A9BJY6QTR, STM32U5A9J-DK, STM32U5A9NJH6Q, STM32U5A9VJT6Q, STM32U5A9ZJT6Q, STM32U5A9ZJY6QTR, STM32WB1MMCH6, STM32WBA52CEU6, STM32WBA52CEU6T, STM32WBA52CGU6, STM32WBA52CGU6T, STM32WL5MOCH6, STM32WL5MOCH6TR]
2023-04-03 14:19:45,817 [INFO] DbMcus:216 - Found 3772 MCUs, 3772 are supported
2023-04-03 14:19:45,821 [INFO] ApiDb:423 - Load user favorites file C:\Users\ASUS/.stm32cubeide/favorites.mcus.txt: 0 item(s)
2023-04-03 14:19:45,821 [INFO] ApiDb:427 - User favorites MCUs=[]
2023-04-03 14:19:45,821 [INFO] DbMcus:222 - Set 0 / 0 favorites MCUs
2023-04-03 14:19:46,546 [WARN] ThirdParty:833 - waiting for thirdparty lock release [change project]
2023-04-03 14:19:46,546 [INFO] ThirdParty:835 - entering critical section [change project]
2023-04-03 14:19:46,546 [INFO] ThirdParty:1030 - CMSIS Pack Vendor :STMicroelectronics X-CUBE-ISPU 1.1.0
2023-04-03 14:19:46,547 [INFO] ThirdParty:1030 - CMSIS Pack Vendor :RoweBots I-CUBE-UNISONRTOS 5.5.0-4
2023-04-03 14:19:46,547 [INFO] ThirdParty:1030 - CMSIS Pack Vendor :STMicroelectronics X-CUBE-GNSS1 6.0.0
2023-04-03 14:19:46,547 [INFO] ThirdParty:1030 - CMSIS Pack Vendor :STMicroelectronics USB_HOST 2.0.0
2023-04-03 14:19:46,547 [INFO] ThirdParty:1030 - CMSIS Pack Vendor :STMicroelectronics X-CUBE-AZRTOS-F4 1.1.0
2023-04-03 14:19:46,547 [INFO] ThirdParty:1030 - CMSIS Pack Vendor :STMicroelectronics LIBJPEG 8.0.0
2023-04-03 14:19:46,547 [INFO] ThirdParty:1030 - CMSIS Pack Vendor :STMicroelectronics USB_DEVICE 3.0.0
2023-04-03 14:19:46,547 [INFO] ThirdParty:1030 - CMSIS Pack Vendor :STMicroelectronics X-CUBE-AI 8.0.0
2023-04-03 14:19:46,547 [INFO] ThirdParty:1030 - CMSIS Pack Vendor :STMicroelectronics X-CUBE-FREERTOS 1.0.0
2023-04-03 14:19:46,547 [INFO] ThirdParty:1030 - CMSIS Pack Vendor :STMicroelectronics X-CUBE-TOUCHGFX 4.21.1
2023-04-03 14:19:46,547 [INFO] ThirdParty:1030 - CMSIS Pack Vendor :STMicroelectronics X-CUBE-TOUCHGFX 4.21.3
2023-04-03 14:19:46,547 [INFO] ThirdParty:1030 - CMSIS Pack Vendor :STMicroelectronics X-CUBE-AZRTOS-F7 1.1.0
2023-04-03 14:19:46,548 [INFO] ThirdParty:1030 - CMSIS Pack Vendor :STMicroelectronics USB_DEVICE 2.0.0
2023-04-03 14:19:46,548 [INFO] ThirdParty:1030 - CMSIS Pack Vendor :STMicroelectronics X-CUBE-ALGOBUILD 1.3.0
2023-04-03 14:19:46,548 [INFO] ThirdParty:1030 - CMSIS Pack Vendor :STMicroelectronics X-CUBE-BLE1 6.2.4
2023-04-03 14:19:46,548 [INFO] ThirdParty:1030 - CMSIS Pack Vendor :STMicroelectronics X-CUBE-AZRTOS-L5 1.1.0
2023-04-03 14:19:46,548 [INFO] ThirdParty:1030 - CMSIS Pack Vendor :STMicroelectronics FreeRTOS 0.0.1
2023-04-03 14:19:46,548 [INFO] ThirdParty:1030 - CMSIS Pack Vendor :emotas I-CUBE-CANOPEN 1.1.3
2023-04-03 14:19:46,548 [INFO] ThirdParty:1030 - CMSIS Pack Vendor :STMicroelectronics X-CUBE-AZRTOS-G0 1.1.0
2023-04-03 14:19:46,548 [INFO] ThirdParty:1030 - CMSIS Pack Vendor :STMicroelectronics X-CUBE-BLEMGR 2.0.0
2023-04-03 14:19:46,548 [INFO] ThirdParty:1030 - CMSIS Pack Vendor :STMicroelectronics X-CUBE-SUBG2 5.0.0
2023-04-03 14:19:46,548 [INFO] ThirdParty:1030 - CMSIS Pack Vendor :STMicroelectronics X-CUBE-NFC4 3.0.0
2023-04-03 14:19:46,548 [INFO] ThirdParty:1030 - CMSIS Pack Vendor :STMicroelectronics STM32_WPAN 1.0.0
2023-04-03 14:19:46,548 [INFO] ThirdParty:1030 - CMSIS Pack Vendor :STMicroelectronics lwIP 2.0.3
2023-04-03 14:19:46,549 [INFO] ThirdParty:1030 - CMSIS Pack Vendor :STMicroelectronics USB_HOST 1.0.0
2023-04-03 14:19:46,549 [INFO] ThirdParty:1030 - CMSIS Pack Vendor :STMicroelectronics PDM2PCM 3.1.0
2023-04-03 14:19:46,549 [INFO] ThirdParty:1030 - CMSIS Pack Vendor :STMicroelectronics X-CUBE-TOF1 3.3.0
2023-04-03 14:19:46,549 [INFO] ThirdParty:1030 - CMSIS Pack Vendor :STMicroelectronics FP-ATR-ASTRA1 1.1.1
2023-04-03 14:19:46,549 [INFO] ThirdParty:1030 - CMSIS Pack Vendor :STMicroelectronics PDM2PCM 3.3.0
2023-04-03 14:19:46,549 [INFO] ThirdParty:1030 - CMSIS Pack Vendor :STMicroelectronics X-CUBE-DISPLAY 3.0.0
2023-04-03 14:19:46,549 [INFO] ThirdParty:1030 - CMSIS Pack Vendor :STMicroelectronics X-CUBE-AZRTOS-G4 1.0.0
2023-04-03 14:19:46,549 [INFO] ThirdParty:1030 - CMSIS Pack Vendor :STMicroelectronics FP-ATR-SIGFOX1 3.2.0
2023-04-03 14:19:46,549 [INFO] ThirdParty:1030 - CMSIS Pack Vendor :wolfSSL I-CUBE-wolfSSL 5.5.4
2023-04-03 14:19:46,549 [INFO] ThirdParty:1030 - CMSIS Pack Vendor :STMicroelectronics X-CUBE-AZRTOS-L4 1.0.0
2023-04-03 14:19:46,549 [INFO] ThirdParty:1030 - CMSIS Pack Vendor :STMicroelectronics HAL Drivers 0.0.0
2023-04-03 14:19:46,549 [INFO] ThirdParty:1030 - CMSIS Pack Vendor :STMicroelectronics MBEDTLS 2.16.2
2023-04-03 14:19:46,550 [INFO] ThirdParty:1030 - CMSIS Pack Vendor :STMicroelectronics MBEDTLS 2.14.1
2023-04-03 14:19:46,550 [INFO] ThirdParty:1030 - CMSIS Pack Vendor :STMicroelectronics X-CUBE-NFC7 1.0.0
2023-04-03 14:19:46,550 [INFO] ThirdParty:1030 - CMSIS Pack Vendor :STMicroelectronics X-CUBE-AZRTOS-WL 1.0.0
2023-04-03 14:19:46,550 [INFO] ThirdParty:1030 - CMSIS Pack Vendor :STMicroelectronics X-CUBE-EEPRMA1 4.1.0
2023-04-03 14:19:46,550 [INFO] ThirdParty:1030 - CMSIS Pack Vendor :portGmbH I-Cube-SoM-uGOAL 1.1.0
2023-04-03 14:19:46,550 [INFO] ThirdParty:1030 - CMSIS Pack Vendor :STMicroelectronics X-CUBE-ALS 1.0.1
2023-04-03 14:19:46,550 [INFO] ThirdParty:1030 - CMSIS Pack Vendor :STMicroelectronics X-CUBE-MEMS1 9.5.0
2023-04-03 14:19:46,550 [INFO] ThirdParty:1030 - CMSIS Pack Vendor :STMicroelectronics ThreadX 1.0.0
2023-04-03 14:19:46,550 [INFO] ThirdParty:1030 - CMSIS Pack Vendor :STMicroelectronics X-CUBE-AZRTOS-WB 1.1.0
2023-04-03 14:19:46,550 [INFO] ThirdParty:1030 - CMSIS Pack Vendor :SEGGER I-CUBE-embOS 1.3.1
2023-04-03 14:19:46,550 [INFO] ThirdParty:1030 - CMSIS Pack Vendor :STMicroelectronics USB_DEVICE 1.0.0
2023-04-03 14:19:46,551 [INFO] ThirdParty:1030 - CMSIS Pack Vendor :STMicroelectronics ThreadX 0.0.2
2023-04-03 14:19:46,551 [INFO] ThirdParty:1030 - CMSIS Pack Vendor :WES I-CUBE-Cesium 1.3.0
2023-04-03 14:19:46,551 [INFO] ThirdParty:1030 - CMSIS Pack Vendor :STMicroelectronics lwIP 2.1.2
2023-04-03 14:19:46,551 [INFO] ThirdParty:1030 - CMSIS Pack Vendor :STMicroelectronics X-CUBE-SFXS2LP1 4.0.0
2023-04-03 14:19:46,551 [INFO] ThirdParty:1030 - CMSIS Pack Vendor :STMicroelectronics X-CUBE-BLE2 3.3.0
2023-04-03 14:19:46,551 [INFO] ThirdParty:1030 - CMSIS Pack Vendor :STMicroelectronics X-CUBE-TOF1 3.2.0
2023-04-03 14:19:46,551 [INFO] ThirdParty:1030 - CMSIS Pack Vendor :STMicroelectronics PDM2PCM 3.2.0
2023-04-03 14:19:46,551 [INFO] ThirdParty:1030 - CMSIS Pack Vendor :STMicroelectronics X-CUBE-AZRTOS-H7 3.0.0
2023-04-03 14:19:46,551 [INFO] ThirdParty:841 - exiting critical section [change project]
2023-04-03 14:19:47,049 [INFO] PinOutPanel:1499 - setPackage(No Configuration,No Configuration)
2023-04-03 14:19:47,051 [INFO] PinOutPanel:1499 - setPackage(STM32F103RBTx,LQFP64)
2023-04-03 14:19:48,140 [INFO] UtilMem:75 - Before build in PCC Used Memory: 499325224 Bytes (800063488)
2023-04-03 14:19:49,345 [INFO] UtilMem:75 - After build in PCC Used Memory: 483716680 Bytes (800063488)
2023-04-03 14:19:49,384 [INFO] IPUIPlugin:80 - create IPUIPlugin
2023-04-03 14:19:49,385 [INFO] IPUIPlugin:80 - create IPUIPlugin
2023-04-03 14:19:49,385 [INFO] IPUIPlugin:80 - create IPUIPlugin
2023-04-03 14:19:49,386 [INFO] IPUIPlugin:80 - create IPUIPlugin
2023-04-03 14:19:49,387 [INFO] IPUIPlugin:80 - create IPUIPlugin
2023-04-03 14:19:49,387 [INFO] IPUIPlugin:80 - create IPUIPlugin
2023-04-03 14:19:49,388 [INFO] IPUIPlugin:80 - create IPUIPlugin
2023-04-03 14:19:49,388 [INFO] IPUIPlugin:80 - create IPUIPlugin
2023-04-03 14:19:49,388 [INFO] IPUIPlugin:80 - create IPUIPlugin
2023-04-03 14:19:49,389 [INFO] IPUIPlugin:80 - create IPUIPlugin
2023-04-03 14:19:49,389 [INFO] IPUIPlugin:80 - create IPUIPlugin
2023-04-03 14:19:49,390 [INFO] IPUIPlugin:80 - create IPUIPlugin
2023-04-03 14:19:49,390 [INFO] IPUIPlugin:80 - create IPUIPlugin
2023-04-03 14:19:49,390 [INFO] IPUIPlugin:80 - create IPUIPlugin
2023-04-03 14:19:49,391 [INFO] IPUIPlugin:80 - create IPUIPlugin
2023-04-03 14:19:49,391 [INFO] IPUIPlugin:80 - create IPUIPlugin
2023-04-03 14:19:49,392 [INFO] IPUIPlugin:80 - create IPUIPlugin
2023-04-03 14:19:49,393 [INFO] IPUIPlugin:80 - create IPUIPlugin
2023-04-03 14:19:49,393 [INFO] IPUIPlugin:80 - create IPUIPlugin
2023-04-03 14:19:49,394 [INFO] IPUIPlugin:80 - create IPUIPlugin
2023-04-03 14:19:49,394 [INFO] IPUIPlugin:80 - create IPUIPlugin
2023-04-03 14:19:49,394 [INFO] IPUIPlugin:80 - create IPUIPlugin
2023-04-03 14:19:49,395 [INFO] IPUIPlugin:80 - create IPUIPlugin
2023-04-03 14:19:49,396 [INFO] IPUIPlugin:80 - create IPUIPlugin
2023-04-03 14:19:49,396 [INFO] IPUIPlugin:80 - create IPUIPlugin
2023-04-03 14:19:49,397 [INFO] IPUIPlugin:80 - create IPUIPlugin
2023-04-03 14:19:49,398 [INFO] IPUIPlugin:80 - create IPUIPlugin
2023-04-03 14:19:49,736 [INFO] CADModel:165 - CPN selected for project levelSTM32F103RBT6
2023-04-03 14:19:49,736 [INFO] CADModel:114 - Register for checkConnection events
2023-04-03 14:19:49,819 [INFO] OpenFileManager:328 - Restore cursor
2023-04-03 14:28:36,662 [INFO] NvicIntPanel:101 - NVIC parent = com.st.microxplorer.plugins.ip.nvic.MultiNvicIntPanel[,0,0,450x123,layout=javax.swing.BoxLayout,alignmentX=0.0,alignmentY=0.0,border=,flags=9,maximumSize=,minimumSize=,preferredSize=]
2023-04-03 14:28:53,192 [INFO] NvicIntPanel:101 - NVIC parent = com.st.microxplorer.plugins.ip.nvic.MultiNvicIntPanel[,0,0,0x0,invalid,layout=javax.swing.BoxLayout,alignmentX=0.0,alignmentY=0.0,border=,flags=9,maximumSize=,minimumSize=,preferredSize=]
2023-04-03 14:31:47,013 [INFO] UtilMem:75 - End SaveConfig() Used Memory: 375280408 Bytes (800063488)
2023-04-03 14:31:48,294 [INFO] UtilMem:75 - End SaveConfig() Used Memory: 437490928 Bytes (800063488)
2023-04-03 14:31:48,564 [INFO] UtilMem:75 - End SaveConfig() Used Memory: 457413872 Bytes (800063488)
2023-04-03 14:31:49,245 [INFO] BlockDiagram:2759 - set Specific Code input for plugin: NVIC
2023-04-03 14:31:49,245 [INFO] BlockDiagram:2759 - set Specific Code input for plugin: USART
2023-04-03 14:31:49,245 [INFO] BlockDiagram:2759 - set Specific Code input for plugin: DMA
2023-04-03 14:31:49,245 [INFO] BlockDiagram:2759 - set Specific Code input for plugin: TIM1_8F1
2023-04-03 14:31:49,245 [INFO] BlockDiagram:2759 - set Specific Code input for plugin: GPIO
2023-04-03 14:31:49,246 [INFO] BlockDiagram:2759 - set Specific Code input for plugin: RCC
2023-04-03 14:31:49,250 [INFO] CodeGenerator:793 - code generatio: config db path: C:\ST\STM32CubeIDE_1.12.0\STM32CubeIDE\plugins\com.st.stm32cube.common.mx_6.8.0.202302231600\\db\
2023-04-03 14:31:49,612 [INFO] CodeEngine:255 - oldGeneratedFile, C:\Users\ASUS\STM32CubeIDE\workspace_1.12.0\test\MXTmpFiles\license.tmp_save
2023-04-03 14:31:50,085 [INFO] CodeEngine:279 - Generated code: C:\Users\ASUS\STM32CubeIDE\workspace_1.12.0\test\MXTmpFiles\license.tmp
2023-04-03 14:31:50,204 [INFO] CodeEngine:255 - oldGeneratedFile, C:\Users\ASUS\STM32CubeIDE\workspace_1.12.0\test\MXTmpFiles\gpio.tmp_save
2023-04-03 14:31:50,322 [INFO] CodeEngine:279 - Generated code: C:\Users\ASUS\STM32CubeIDE\workspace_1.12.0\test\MXTmpFiles\gpio.tmp
2023-04-03 14:31:50,499 [INFO] CodeEngine:255 - oldGeneratedFile, C:\Users\ASUS\STM32CubeIDE\workspace_1.12.0\test\MXTmpFiles\dma.tmp_save
2023-04-03 14:31:50,601 [INFO] CodeEngine:279 - Generated code: C:\Users\ASUS\STM32CubeIDE\workspace_1.12.0\test\MXTmpFiles\dma.tmp
2023-04-03 14:31:50,611 [INFO] CodeEngine:255 - oldGeneratedFile, C:\Users\ASUS\STM32CubeIDE\workspace_1.12.0\test\MXTmpFiles\dma_GV.tmp_save
2023-04-03 14:31:50,677 [INFO] CodeEngine:279 - Generated code: C:\Users\ASUS\STM32CubeIDE\workspace_1.12.0\test\MXTmpFiles\dma_GV.tmp
2023-04-03 14:31:50,702 [INFO] CodeEngine:255 - oldGeneratedFile, C:\Users\ASUS\STM32CubeIDE\workspace_1.12.0\test\Core\Src\stm32f1xx_it.c_save
2023-04-03 14:31:50,836 [INFO] CodeEngine:279 - Generated code: C:\Users\ASUS\STM32CubeIDE\workspace_1.12.0\test\Core\Src\stm32f1xx_it.c
2023-04-03 14:31:50,848 [INFO] CodeEngine:255 - oldGeneratedFile, C:\Users\ASUS\STM32CubeIDE\workspace_1.12.0\test\Core\Inc\stm32f1xx_it.h_save
2023-04-03 14:31:50,920 [INFO] CodeEngine:279 - Generated code: C:\Users\ASUS\STM32CubeIDE\workspace_1.12.0\test\Core\Inc\stm32f1xx_it.h
2023-04-03 14:31:50,965 [INFO] CodeEngine:255 - oldGeneratedFile, C:\Users\ASUS\STM32CubeIDE\workspace_1.12.0\test\Core\Src\stm32f1xx_hal_msp.c_save
2023-04-03 14:31:51,120 [INFO] CodeEngine:279 - Generated code: C:\Users\ASUS\STM32CubeIDE\workspace_1.12.0\test\Core\Src\stm32f1xx_hal_msp.c
2023-04-03 14:31:51,129 [INFO] CodeEngine:255 - oldGeneratedFile, C:\Users\ASUS\STM32CubeIDE\workspace_1.12.0\test\MXTmpFiles\system.tmp_save
2023-04-03 14:31:51,194 [INFO] CodeEngine:279 - Generated code: C:\Users\ASUS\STM32CubeIDE\workspace_1.12.0\test\MXTmpFiles\system.tmp
2023-04-03 14:31:51,214 [INFO] CodeEngine:311 - oldGeneratedFile, C:\Users\ASUS\STM32CubeIDE\workspace_1.12.0\test\Core\Inc\stm32f1xx_hal_conf.h_save
2023-04-03 14:31:51,298 [INFO] CodeEngine:335 - Generated code: C:\Users\ASUS\STM32CubeIDE\workspace_1.12.0\test\Core\Inc\stm32f1xx_hal_conf.h
2023-04-03 14:31:51,324 [WARN] IPConfigManager:3431 - IP not found : TIM
2023-04-03 14:31:51,325 [WARN] CodeGenerator:3754 - IP not found : null
2023-04-03 14:31:51,347 [INFO] CodeEngine:255 - oldGeneratedFile, C:\Users\ASUS\STM32CubeIDE\workspace_1.12.0\test\Core\Inc\main.h_save
2023-04-03 14:31:51,448 [INFO] CodeEngine:279 - Generated code: C:\Users\ASUS\STM32CubeIDE\workspace_1.12.0\test\Core\Inc\main.h
2023-04-03 14:31:51,466 [INFO] CodeEngine:255 - oldGeneratedFile, C:\Users\ASUS\STM32CubeIDE\workspace_1.12.0\test\Core\Src\main.c_save
2023-04-03 14:31:51,596 [INFO] CodeEngine:279 - Generated code: C:\Users\ASUS\STM32CubeIDE\workspace_1.12.0\test\Core\Src\main.c
2023-04-03 14:31:52,306 [INFO] ProjectBuilder:2996 - Time for Copy HAL[1] : 170mS.
2023-04-03 14:31:52,319 [INFO] ProjectBuilder:4304 - Project Generator version: 3.19.2
2023-04-03 14:31:52,538 [INFO] ConfigFileManager:1483 - The Die is : DIE410
2023-04-03 14:31:52,561 [INFO] ApiDbMcu:507 - Load IP Config File for FATFS
2023-04-03 14:31:52,572 [INFO] ApiDbMcu:507 - Load IP Config File for FREERTOS
2023-04-03 14:31:52,587 [INFO] ApiDbMcu:507 - Load IP Config File for USB_DEVICE
2023-04-03 14:31:53,793 [INFO] LogOutputStream:77 - [STDOUT_REDIRECT] 
2023-04-03 14:31:55,460 [INFO] ProjectBuilder:4505 - Time for Generating toolchain IDE Files: 3140mS.
2023-04-03 14:31:55,461 [INFO] ProjectBuilder:2867 - Time for Copy CMSIS : 1mS.
2023-04-03 14:31:55,463 [INFO] ProjectBuilder:2867 - Time for Copy CMSIS : 0mS.
2023-04-03 15:02:21,209 [ERROR] ConfigurationRetriever:142 - IOException on connection: Read timed out
2023-04-03 15:04:32,781 [ERROR] AdobePublisher:162 - Exception while opening the connection: java.net.SocketTimeoutException: Read timed out
2023-04-03 15:08:19,953 [ERROR] ConfigurationRetriever:142 - IOException on connection: Read timed out
2023-04-03 15:12:08,265 [ERROR] AdobePublisher:183 - Exception while getting the server answer: java.net.SocketTimeoutException: Read timed out
2023-04-03 15:14:03,214 [ERROR] AdobePublisher:162 - Exception while opening the connection: java.net.SocketTimeoutException: Read timed out
2023-04-03 15:14:06,296 [ERROR] AdobePublisher:162 - Exception while opening the connection: java.net.SocketTimeoutException: Read timed out
2023-04-03 15:18:29,272 [INFO] UtilMem:75 - End SaveConfig() Used Memory: 374805896 Bytes (803209216)
2023-04-03 15:18:32,643 [INFO] UtilMem:75 - End SaveConfig() Used Memory: 447157640 Bytes (803209216)
2023-04-03 15:18:33,550 [INFO] BlockDiagram:2759 - set Specific Code input for plugin: NVIC
2023-04-03 15:18:33,550 [INFO] BlockDiagram:2759 - set Specific Code input for plugin: USART
2023-04-03 15:18:33,550 [INFO] BlockDiagram:2759 - set Specific Code input for plugin: DMA
2023-04-03 15:18:33,550 [INFO] BlockDiagram:2759 - set Specific Code input for plugin: TIM1_8F1
2023-04-03 15:18:33,550 [INFO] BlockDiagram:2759 - set Specific Code input for plugin: GPIO
2023-04-03 15:18:33,550 [INFO] BlockDiagram:2759 - set Specific Code input for plugin: RCC
2023-04-03 15:18:33,552 [INFO] CodeGenerator:793 - code generatio: config db path: C:\ST\STM32CubeIDE_1.12.0\STM32CubeIDE\plugins\com.st.stm32cube.common.mx_6.8.0.202302231600\\db\
2023-04-03 15:18:33,564 [INFO] Argument:319 - Argument : hdmavalue: null
2023-04-03 15:18:33,565 [INFO] Argument:321 - 	 sub Args: 
2023-04-03 15:18:33,565 [INFO] Argument:319 - Argument : Instancevalue: DMA1_Channel5
2023-04-03 15:18:33,565 [INFO] Argument:329 - Argument : Instancevalue: DMA1_Channel5
2023-04-03 15:18:33,565 [INFO] Argument:319 - Argument : Initvalue: null
2023-04-03 15:18:33,565 [INFO] Argument:321 - 	 sub Args: 
2023-04-03 15:18:33,565 [INFO] Argument:319 - Argument : Directionvalue: DMA_PERIPH_TO_MEMORY
2023-04-03 15:18:33,565 [INFO] Argument:329 - Argument : Directionvalue: DMA_PERIPH_TO_MEMORY
2023-04-03 15:18:33,565 [INFO] Argument:319 - Argument : PeriphIncvalue: DMA_PINC_DISABLE
2023-04-03 15:18:33,565 [INFO] Argument:329 - Argument : PeriphIncvalue: DMA_PINC_DISABLE
2023-04-03 15:18:33,565 [INFO] Argument:319 - Argument : MemIncvalue: DMA_MINC_ENABLE
2023-04-03 15:18:33,565 [INFO] Argument:329 - Argument : MemIncvalue: DMA_MINC_ENABLE
2023-04-03 15:18:33,566 [INFO] Argument:319 - Argument : PeriphDataAlignmentvalue: DMA_PDATAALIGN_BYTE
2023-04-03 15:18:33,566 [INFO] Argument:329 - Argument : PeriphDataAlignmentvalue: DMA_PDATAALIGN_BYTE
2023-04-03 15:18:33,566 [INFO] Argument:319 - Argument : MemDataAlignmentvalue: DMA_MDATAALIGN_BYTE
2023-04-03 15:18:33,566 [INFO] Argument:329 - Argument : MemDataAlignmentvalue: DMA_MDATAALIGN_BYTE
2023-04-03 15:18:33,566 [INFO] Argument:319 - Argument : Modevalue: DMA_CIRCULAR
2023-04-03 15:18:33,566 [INFO] Argument:329 - Argument : Modevalue: DMA_CIRCULAR
2023-04-03 15:18:33,566 [INFO] Argument:319 - Argument : Priorityvalue: DMA_PRIORITY_LOW
2023-04-03 15:18:33,566 [INFO] Argument:329 - Argument : Priorityvalue: DMA_PRIORITY_LOW
2023-04-03 15:18:33,566 [INFO] Argument:319 - Argument : Lockvalue: null
2023-04-03 15:18:33,566 [INFO] Argument:329 - Argument : Lockvalue: null
2023-04-03 15:18:33,566 [INFO] Argument:319 - Argument : Statevalue: null
2023-04-03 15:18:33,566 [INFO] Argument:329 - Argument : Statevalue: null
2023-04-03 15:18:33,566 [INFO] Argument:319 - Argument : Parentvalue: null
2023-04-03 15:18:33,566 [INFO] Argument:329 - Argument : Parentvalue: null
2023-04-03 15:18:33,566 [INFO] Argument:319 - Argument : XferCpltCallbackvalue: null
2023-04-03 15:18:33,566 [INFO] Argument:329 - Argument : XferCpltCallbackvalue: null
2023-04-03 15:18:33,567 [INFO] Argument:319 - Argument : XferHalfCpltCallbackvalue: null
2023-04-03 15:18:33,567 [INFO] Argument:329 - Argument : XferHalfCpltCallbackvalue: null
2023-04-03 15:18:33,567 [INFO] Argument:319 - Argument : XferErrorCallbackvalue: null
2023-04-03 15:18:33,567 [INFO] Argument:329 - Argument : XferErrorCallbackvalue: null
2023-04-03 15:18:33,567 [INFO] Argument:319 - Argument : ErrorCodevalue: null
2023-04-03 15:18:33,567 [INFO] Argument:329 - Argument : ErrorCodevalue: null
2023-04-03 15:18:33,752 [INFO] CodeEngine:255 - oldGeneratedFile, C:\Users\ASUS\STM32CubeIDE\workspace_1.12.0\test\MXTmpFiles\license.tmp_save
2023-04-03 15:18:33,902 [INFO] CodeEngine:279 - Generated code: C:\Users\ASUS\STM32CubeIDE\workspace_1.12.0\test\MXTmpFiles\license.tmp
2023-04-03 15:18:33,922 [INFO] CodeEngine:255 - oldGeneratedFile, C:\Users\ASUS\STM32CubeIDE\workspace_1.12.0\test\MXTmpFiles\gpio.tmp_save
2023-04-03 15:18:34,062 [INFO] CodeEngine:279 - Generated code: C:\Users\ASUS\STM32CubeIDE\workspace_1.12.0\test\MXTmpFiles\gpio.tmp
2023-04-03 15:18:34,148 [INFO] CodeEngine:255 - oldGeneratedFile, C:\Users\ASUS\STM32CubeIDE\workspace_1.12.0\test\MXTmpFiles\dma.tmp_save
2023-04-03 15:18:34,261 [INFO] CodeEngine:279 - Generated code: C:\Users\ASUS\STM32CubeIDE\workspace_1.12.0\test\MXTmpFiles\dma.tmp
2023-04-03 15:18:34,265 [INFO] CodeEngine:255 - oldGeneratedFile, C:\Users\ASUS\STM32CubeIDE\workspace_1.12.0\test\MXTmpFiles\dma_GV.tmp_save
2023-04-03 15:18:34,334 [INFO] CodeEngine:279 - Generated code: C:\Users\ASUS\STM32CubeIDE\workspace_1.12.0\test\MXTmpFiles\dma_GV.tmp
2023-04-03 15:18:34,367 [INFO] CodeEngine:255 - oldGeneratedFile, C:\Users\ASUS\STM32CubeIDE\workspace_1.12.0\test\Core\Src\stm32f1xx_it.c_save
2023-04-03 15:18:34,642 [INFO] CodeEngine:279 - Generated code: C:\Users\ASUS\STM32CubeIDE\workspace_1.12.0\test\Core\Src\stm32f1xx_it.c
2023-04-03 15:18:34,656 [INFO] CodeEngine:255 - oldGeneratedFile, C:\Users\ASUS\STM32CubeIDE\workspace_1.12.0\test\Core\Inc\stm32f1xx_it.h_save
2023-04-03 15:18:34,747 [INFO] CodeEngine:279 - Generated code: C:\Users\ASUS\STM32CubeIDE\workspace_1.12.0\test\Core\Inc\stm32f1xx_it.h
2023-04-03 15:18:34,780 [INFO] CodeEngine:255 - oldGeneratedFile, C:\Users\ASUS\STM32CubeIDE\workspace_1.12.0\test\Core\Src\stm32f1xx_hal_msp.c_save
2023-04-03 15:18:34,951 [INFO] CodeEngine:279 - Generated code: C:\Users\ASUS\STM32CubeIDE\workspace_1.12.0\test\Core\Src\stm32f1xx_hal_msp.c
2023-04-03 15:18:34,957 [INFO] CodeEngine:255 - oldGeneratedFile, C:\Users\ASUS\STM32CubeIDE\workspace_1.12.0\test\MXTmpFiles\system.tmp_save
2023-04-03 15:18:35,030 [INFO] CodeEngine:279 - Generated code: C:\Users\ASUS\STM32CubeIDE\workspace_1.12.0\test\MXTmpFiles\system.tmp
2023-04-03 15:18:35,050 [INFO] CodeEngine:311 - oldGeneratedFile, C:\Users\ASUS\STM32CubeIDE\workspace_1.12.0\test\Core\Inc\stm32f1xx_hal_conf.h_save
2023-04-03 15:18:35,144 [INFO] CodeEngine:335 - Generated code: C:\Users\ASUS\STM32CubeIDE\workspace_1.12.0\test\Core\Inc\stm32f1xx_hal_conf.h
2023-04-03 15:18:35,166 [WARN] IPConfigManager:3431 - IP not found : TIM
2023-04-03 15:18:35,166 [WARN] CodeGenerator:3754 - IP not found : null
2023-04-03 15:18:35,182 [INFO] CodeEngine:255 - oldGeneratedFile, C:\Users\ASUS\STM32CubeIDE\workspace_1.12.0\test\Core\Inc\main.h_save
2023-04-03 15:18:35,276 [INFO] CodeEngine:279 - Generated code: C:\Users\ASUS\STM32CubeIDE\workspace_1.12.0\test\Core\Inc\main.h
2023-04-03 15:18:35,287 [INFO] CodeEngine:255 - oldGeneratedFile, C:\Users\ASUS\STM32CubeIDE\workspace_1.12.0\test\Core\Src\main.c_save
2023-04-03 15:18:35,527 [INFO] CodeEngine:279 - Generated code: C:\Users\ASUS\STM32CubeIDE\workspace_1.12.0\test\Core\Src\main.c
2023-04-03 15:18:36,227 [INFO] ProjectBuilder:2996 - Time for Copy HAL[1] : 165mS.
2023-04-03 15:18:36,230 [INFO] ProjectBuilder:4304 - Project Generator version: 3.19.2
2023-04-03 15:18:36,472 [INFO] ConfigFileManager:1483 - The Die is : DIE410
2023-04-03 15:18:38,227 [INFO] ProjectBuilder:4505 - Time for Generating toolchain IDE Files: 1997mS.
2023-04-03 15:18:38,228 [INFO] ProjectBuilder:2867 - Time for Copy CMSIS : 0mS.
2023-04-03 15:18:38,232 [INFO] ProjectBuilder:2867 - Time for Copy CMSIS : 0mS.
2023-04-03 15:21:12,609 [ERROR] AdobePublisher:162 - Exception while opening the connection: java.net.SocketTimeoutException: connect timed out
2023-04-03 15:31:04,104 [ERROR] ConfigurationRetriever:142 - IOException on connection: connect timed out
2023-04-03 15:32:52,793 [ERROR] ConfigurationRetriever:142 - IOException on connection: Read timed out
